#
# There is insufficient memory for the Java Runtime Environment to continue.
# Native memory allocation (malloc) failed to allocate 262160 bytes for Chunk::new
# Possible reasons:
#   The system is out of physical RAM or swap space
#   The process is running with CompressedOops enabled, and the Java Heap may be blocking the growth of the native heap
# Possible solutions:
#   Reduce memory load on the system
#   Increase physical memory or swap space
#   Check if swap backing store is full
#   Decrease Java heap size (-Xmx/-Xms)
#   Decrease number of Java threads
#   Decrease Java thread stack sizes (-Xss)
#   Set larger code cache with -XX:ReservedCodeCacheSize=
#   JVM is running with Unscaled Compressed Oops mode in which the Java heap is
#     placed in the first 4GB address space. The Java Heap base address is the
#     maximum limit for the native heap growth. Please use -XX:HeapBaseMinAddress
#     to set the Java Heap base and to place the Java Heap above 4GB virtual address.
# This output file may be truncated or incomplete.
#
#  Out of Memory Error (arena.cpp:189), pid=117168, tid=97204
#
# JRE version: OpenJDK Runtime Environment Temurin-17.0.6+10 (17.0.6+10) (build 17.0.6+10)
# Java VM: OpenJDK 64-Bit Server VM Temurin-17.0.6+10 (17.0.6+10, mixed mode, tiered, compressed oops, compressed class ptrs, g1 gc, windows-amd64)
# No core dump will be written. Minidumps are not enabled by default on client versions of Windows
#

---------------  S U M M A R Y ------------

Command Line: -Dfile.encoding=UTF-8 -XX:+ShowCodeDetailsInExceptionMessages com.project.school.SchoolApplication

Host: AMD Ryzen 5 4500U with Radeon Graphics         , 6 cores, 7G,  Windows 11 , 64 bit Build 22000 (10.0.22000.2124)
Time: Sun Jul 23 14:54:14 2023 India Standard Time elapsed time: 14.023724 seconds (0d 0h 0m 14s)

---------------  T H R E A D  ---------------

Current thread (0x00000260b4416be0):  JavaThread "C2 CompilerThread0" daemon [_thread_in_native, id=97204, stack(0x000000ab76f00000,0x000000ab77000000)]


Current CompileTask:
C2:  14023 6196       4       org.springframework.beans.factory.support.AbstractBeanFactory::isTypeMatch (619 bytes)

Stack: [0x000000ab76f00000,0x000000ab77000000]
Native frames: (J=compiled Java code, j=interpreted, Vv=VM code, C=native code)
V  [jvm.dll+0x67741a]
V  [jvm.dll+0x834434]
V  [jvm.dll+0x835bde]
V  [jvm.dll+0x836243]
V  [jvm.dll+0x2457b5]
V  [jvm.dll+0xabafc]
V  [jvm.dll+0xac0cc]
V  [jvm.dll+0xabc0b]
V  [jvm.dll+0x69c3e8]
V  [jvm.dll+0x34779b]
V  [jvm.dll+0x340181]
V  [jvm.dll+0x2d13a4]
V  [jvm.dll+0x63c807]
V  [jvm.dll+0x111aec]
V  [jvm.dll+0x33dab6]
V  [jvm.dll+0x692db6]
V  [jvm.dll+0x692102]
V  [jvm.dll+0x68d5fd]
V  [jvm.dll+0x6877eb]
V  [jvm.dll+0x686e27]
V  [jvm.dll+0x684d22]
V  [jvm.dll+0x1a6f5c]
V  [jvm.dll+0x2abbb4]
V  [jvm.dll+0x68f6f7]
V  [jvm.dll+0x6877eb]
V  [jvm.dll+0x686e27]
V  [jvm.dll+0x684d22]
V  [jvm.dll+0x1a6f5c]
V  [jvm.dll+0x1a7b26]
V  [jvm.dll+0x2abbb4]
V  [jvm.dll+0x68f6f7]
V  [jvm.dll+0x6877eb]
V  [jvm.dll+0x686e27]
V  [jvm.dll+0x684d22]
V  [jvm.dll+0x1a6f5c]
V  [jvm.dll+0x1a7b26]
V  [jvm.dll+0x2abbb4]
V  [jvm.dll+0x68f6f7]
V  [jvm.dll+0x6877eb]
V  [jvm.dll+0x686e27]
V  [jvm.dll+0x684d22]
V  [jvm.dll+0x1a6f5c]
V  [jvm.dll+0x2abbb4]
V  [jvm.dll+0x68f6f7]
V  [jvm.dll+0x6877eb]
V  [jvm.dll+0x686e27]
V  [jvm.dll+0x684d22]
V  [jvm.dll+0x1a6f5c]
V  [jvm.dll+0x2abbb4]
V  [jvm.dll+0x68f6f7]
V  [jvm.dll+0x6877eb]
V  [jvm.dll+0x686e27]
V  [jvm.dll+0x684d22]
V  [jvm.dll+0x1a6f5c]
V  [jvm.dll+0x1a7b26]
V  [jvm.dll+0x2abbb4]
V  [jvm.dll+0x68f6f7]
V  [jvm.dll+0x6877eb]
V  [jvm.dll+0x686e27]
V  [jvm.dll+0x684d22]
V  [jvm.dll+0x1a6f5c]
V  [jvm.dll+0x1a7b26]
V  [jvm.dll+0x2abbb4]
V  [jvm.dll+0x68f6f7]
V  [jvm.dll+0x6877eb]
V  [jvm.dll+0x686e27]
V  [jvm.dll+0x684d22]
V  [jvm.dll+0x1a6f5c]
V  [jvm.dll+0x2abbb4]
V  [jvm.dll+0x68f6f7]
V  [jvm.dll+0x6877eb]
V  [jvm.dll+0x686e27]
V  [jvm.dll+0x684d22]
V  [jvm.dll+0x1a6f5c]
V  [jvm.dll+0x2abbb4]
V  [jvm.dll+0x68f6f7]
V  [jvm.dll+0x6877eb]
V  [jvm.dll+0x686e27]
V  [jvm.dll+0x684d22]
V  [jvm.dll+0x1a6f5c]
V  [jvm.dll+0x2abbb4]
V  [jvm.dll+0x68f6f7]
V  [jvm.dll+0x6877eb]
V  [jvm.dll+0x686e27]
V  [jvm.dll+0x684d22]
V  [jvm.dll+0x1a6f5c]
V  [jvm.dll+0x2abbb4]
V  [jvm.dll+0x68f6f7]
V  [jvm.dll+0x6877eb]
V  [jvm.dll+0x686e27]
V  [jvm.dll+0x684d22]
V  [jvm.dll+0x1a6f5c]
V  [jvm.dll+0x1a7b26]
V  [jvm.dll+0x1a7b26]
V  [jvm.dll+0x1a7a68]
V  [jvm.dll+0x2abbb4]
V  [jvm.dll+0x68f6f7]
V  [jvm.dll+0x6877eb]
V  [jvm.dll+0x686e27]
...<more frames>...


---------------  P R O C E S S  ---------------

Threads class SMR info:
_java_thread_list=0x00000260bb0c7c80, length=31, elements={
0x00000260b39ee9d0, 0x00000260b39efb20, 0x00000260b440a080, 0x00000260b440a940,
0x00000260b440b9a0, 0x00000260b440ca00, 0x00000260b4416be0, 0x00000260b44174e0,
0x00000260b4421d60, 0x00000260b4585010, 0x00000260b459b780, 0x00000260b7c87f30,
0x00000260b7d57330, 0x00000260b96a3be0, 0x00000260b96a70d0, 0x00000260b96a40b0,
0x00000260b96a5d90, 0x00000260b96a6260, 0x00000260b96a4580, 0x00000260b96a6730,
0x00000260b96a53f0, 0x00000260b96a4a50, 0x00000260b96a58c0, 0x00000260b96a6c00,
0x00000260bb890730, 0x00000260bb88d710, 0x00000260bb88dbe0, 0x00000260bb88e580,
0x00000260bb88c3d0, 0x00000260bb88cd70, 0x00000260bb88ef20
}

Java Threads: ( => current thread )
  0x00000260b39ee9d0 JavaThread "Reference Handler" daemon [_thread_blocked, id=111488, stack(0x000000ab76900000,0x000000ab76a00000)]
  0x00000260b39efb20 JavaThread "Finalizer" daemon [_thread_blocked, id=113128, stack(0x000000ab76a00000,0x000000ab76b00000)]
  0x00000260b440a080 JavaThread "Signal Dispatcher" daemon [_thread_blocked, id=85204, stack(0x000000ab76b00000,0x000000ab76c00000)]
  0x00000260b440a940 JavaThread "Attach Listener" daemon [_thread_blocked, id=107340, stack(0x000000ab76c00000,0x000000ab76d00000)]
  0x00000260b440b9a0 JavaThread "Service Thread" daemon [_thread_blocked, id=114488, stack(0x000000ab76d00000,0x000000ab76e00000)]
  0x00000260b440ca00 JavaThread "Monitor Deflation Thread" daemon [_thread_blocked, id=98368, stack(0x000000ab76e00000,0x000000ab76f00000)]
=>0x00000260b4416be0 JavaThread "C2 CompilerThread0" daemon [_thread_in_native, id=97204, stack(0x000000ab76f00000,0x000000ab77000000)]
  0x00000260b44174e0 JavaThread "C1 CompilerThread0" daemon [_thread_in_native, id=113624, stack(0x000000ab77000000,0x000000ab77100000)]
  0x00000260b4421d60 JavaThread "Sweeper thread" daemon [_thread_blocked, id=108936, stack(0x000000ab77100000,0x000000ab77200000)]
  0x00000260b4585010 JavaThread "Notification Thread" daemon [_thread_blocked, id=112852, stack(0x000000ab77200000,0x000000ab77300000)]
  0x00000260b459b780 JavaThread "Common-Cleaner" daemon [_thread_blocked, id=115904, stack(0x000000ab77400000,0x000000ab77500000)]
  0x00000260b7c87f30 JavaThread "mysql-cj-abandoned-connection-cleanup" daemon [_thread_blocked, id=112932, stack(0x000000ab77e00000,0x000000ab77f00000)]
  0x00000260b7d57330 JavaThread "HikariPool-1 housekeeper" daemon [_thread_blocked, id=117036, stack(0x000000ab78000000,0x000000ab78100000)]
  0x00000260b96a3be0 JavaThread "Catalina-utility-1" [_thread_blocked, id=77768, stack(0x000000ab77c00000,0x000000ab77d00000)]
  0x00000260b96a70d0 JavaThread "Catalina-utility-2" [_thread_blocked, id=86980, stack(0x000000ab78200000,0x000000ab78300000)]
  0x00000260b96a40b0 JavaThread "container-0" [_thread_blocked, id=105384, stack(0x000000ab78300000,0x000000ab78400000)]
  0x00000260b96a5d90 JavaThread "File Watcher" daemon [_thread_blocked, id=105128, stack(0x000000ab78400000,0x000000ab78500000)]
  0x00000260b96a6260 JavaThread "Live Reload Server" daemon [_thread_in_native, id=107580, stack(0x000000ab78600000,0x000000ab78700000)]
  0x00000260b96a4580 JavaThread "http-nio-8080-exec-1" daemon [_thread_blocked, id=110700, stack(0x000000ab78500000,0x000000ab78600000)]
  0x00000260b96a6730 JavaThread "http-nio-8080-exec-2" daemon [_thread_in_vm, id=107524, stack(0x000000ab78700000,0x000000ab78800000)]
  0x00000260b96a53f0 JavaThread "http-nio-8080-exec-3" daemon [_thread_blocked, id=109596, stack(0x000000ab78800000,0x000000ab78900000)]
  0x00000260b96a4a50 JavaThread "http-nio-8080-exec-4" daemon [_thread_blocked, id=109360, stack(0x000000ab78900000,0x000000ab78a00000)]
  0x00000260b96a58c0 JavaThread "http-nio-8080-exec-5" daemon [_thread_blocked, id=115288, stack(0x000000ab78a00000,0x000000ab78b00000)]
  0x00000260b96a6c00 JavaThread "http-nio-8080-exec-6" daemon [_thread_blocked, id=101032, stack(0x000000ab78b00000,0x000000ab78c00000)]
  0x00000260bb890730 JavaThread "http-nio-8080-exec-7" daemon [_thread_blocked, id=12204, stack(0x000000ab78c00000,0x000000ab78d00000)]
  0x00000260bb88d710 JavaThread "http-nio-8080-exec-8" daemon [_thread_blocked, id=113588, stack(0x000000ab78d00000,0x000000ab78e00000)]
  0x00000260bb88dbe0 JavaThread "http-nio-8080-exec-9" daemon [_thread_blocked, id=87052, stack(0x000000ab78e00000,0x000000ab78f00000)]
  0x00000260bb88e580 JavaThread "http-nio-8080-exec-10" daemon [_thread_blocked, id=116340, stack(0x000000ab78f00000,0x000000ab79000000)]
  0x00000260bb88c3d0 JavaThread "http-nio-8080-Poller" daemon [_thread_in_native, id=84424, stack(0x000000ab79000000,0x000000ab79100000)]
  0x00000260bb88cd70 JavaThread "http-nio-8080-Acceptor" daemon [_thread_in_native, id=106256, stack(0x000000ab79100000,0x000000ab79200000)]
  0x00000260bb88ef20 JavaThread "DestroyJavaVM" [_thread_blocked, id=113140, stack(0x000000ab76200000,0x000000ab76300000)]

Other Threads:
  0x00000260b39e97f0 VMThread "VM Thread" [stack: 0x000000ab76800000,0x000000ab76900000] [id=116096]
  0x00000260b44b34e0 WatcherThread [stack: 0x000000ab77300000,0x000000ab77400000] [id=104484]
  0x000002609a44e680 GCTaskThread "GC Thread#0" [stack: 0x000000ab76300000,0x000000ab76400000] [id=117196]
  0x00000260b4fae540 GCTaskThread "GC Thread#1" [stack: 0x000000ab77700000,0x000000ab77800000] [id=80428]
  0x00000260b4c09990 GCTaskThread "GC Thread#2" [stack: 0x000000ab77800000,0x000000ab77900000] [id=33092]
  0x00000260b5df05f0 GCTaskThread "GC Thread#3" [stack: 0x000000ab77900000,0x000000ab77a00000] [id=47192]
  0x00000260b5df08a0 GCTaskThread "GC Thread#4" [stack: 0x000000ab77a00000,0x000000ab77b00000] [id=117008]
  0x00000260b5df0b50 GCTaskThread "GC Thread#5" [stack: 0x000000ab77b00000,0x000000ab77c00000] [id=116448]
  0x000002609a45e1c0 ConcurrentGCThread "G1 Main Marker" [stack: 0x000000ab76400000,0x000000ab76500000] [id=115156]
  0x000002609a4604e0 ConcurrentGCThread "G1 Conc#0" [stack: 0x000000ab76500000,0x000000ab76600000] [id=117276]
  0x00000260b607b700 ConcurrentGCThread "G1 Conc#1" [stack: 0x000000ab77d00000,0x000000ab77e00000] [id=114888]
  0x000002609a4bd1d0 ConcurrentGCThread "G1 Refine#0" [stack: 0x000000ab76600000,0x000000ab76700000] [id=57720]
  0x00000260b3840830 ConcurrentGCThread "G1 Service" [stack: 0x000000ab76700000,0x000000ab76800000] [id=82932]

Threads with active compile tasks:
C2 CompilerThread0    14062 6196       4       org.springframework.beans.factory.support.AbstractBeanFactory::isTypeMatch (619 bytes)
C1 CompilerThread0    14062 6201       3       org.springframework.core.annotation.AnnotationTypeMapping::resolveAliasTarget (395 bytes)

VM state: not at safepoint (normal execution)

VM Mutex/Monitor currently owned by a thread: None

Heap address: 0x000000008a000000, size: 1888 MB, Compressed Oops mode: 32-bit

CDS archive(s) not mapped
Compressed class space mapped at: 0x0000000100000000-0x0000000140000000, reserved size: 1073741824
Narrow klass base: 0x0000000000000000, Narrow klass shift: 3, Narrow klass range: 0x140000000

GC Precious Log:
 CPUs: 6 total, 6 available
 Memory: 7550M
 Large Page Support: Disabled
 NUMA Support: Disabled
 Compressed Oops: Enabled (32-bit)
 Heap Region Size: 1M
 Heap Min Capacity: 8M
 Heap Initial Capacity: 118M
 Heap Max Capacity: 1888M
 Pre-touch: Disabled
 Parallel Workers: 6
 Concurrent Workers: 2
 Concurrent Refinement Workers: 6
 Periodic GC: Disabled

Heap:
 garbage-first heap   total 55296K, used 31183K [0x000000008a000000, 0x0000000100000000)
  region size 1024K, 3 young (3072K), 2 survivors (2048K)
 Metaspace       used 75336K, committed 75968K, reserved 1122304K
  class space    used 9819K, committed 10112K, reserved 1048576K

Heap Regions: E=young(eden), S=young(survivor), O=old, HS=humongous(starts), HC=humongous(continues), CS=collection set, F=free, OA=open archive, CA=closed archive, TAMS=top-at-mark-start (previous, next)
|   0|0x000000008a000000, 0x000000008a100000, 0x000000008a100000|100%|HS|  |TAMS 0x000000008a100000, 0x000000008a000000| Complete 
|   1|0x000000008a100000, 0x000000008a200000, 0x000000008a200000|100%| O|  |TAMS 0x000000008a200000, 0x000000008a100000| Untracked 
|   2|0x000000008a200000, 0x000000008a300000, 0x000000008a300000|100%| O|  |TAMS 0x000000008a300000, 0x000000008a200000| Untracked 
|   3|0x000000008a300000, 0x000000008a400000, 0x000000008a400000|100%| O|  |TAMS 0x000000008a400000, 0x000000008a300000| Untracked 
|   4|0x000000008a400000, 0x000000008a500000, 0x000000008a500000|100%| O|  |TAMS 0x000000008a500000, 0x000000008a400000| Untracked 
|   5|0x000000008a500000, 0x000000008a600000, 0x000000008a600000|100%| O|  |TAMS 0x000000008a600000, 0x000000008a500000| Untracked 
|   6|0x000000008a600000, 0x000000008a6ed600, 0x000000008a700000| 92%| O|  |TAMS 0x000000008a6ed600, 0x000000008a600000| Untracked 
|   7|0x000000008a700000, 0x000000008a800000, 0x000000008a800000|100%| O|  |TAMS 0x000000008a800000, 0x000000008a700000| Untracked 
|   8|0x000000008a800000, 0x000000008a900000, 0x000000008a900000|100%| O|  |TAMS 0x000000008a900000, 0x000000008a800000| Untracked 
|   9|0x000000008a900000, 0x000000008aa00000, 0x000000008aa00000|100%| O|  |TAMS 0x000000008aa00000, 0x000000008a900000| Untracked 
|  10|0x000000008aa00000, 0x000000008ab00000, 0x000000008ab00000|100%| O|  |TAMS 0x000000008ab00000, 0x000000008aa00000| Untracked 
|  11|0x000000008ab00000, 0x000000008ac00000, 0x000000008ac00000|100%| O|  |TAMS 0x000000008ac00000, 0x000000008ab00000| Untracked 
|  12|0x000000008ac00000, 0x000000008ad00000, 0x000000008ad00000|100%| O|  |TAMS 0x000000008ad00000, 0x000000008ac00000| Untracked 
|  13|0x000000008ad00000, 0x000000008ae00000, 0x000000008ae00000|100%| O|  |TAMS 0x000000008ae00000, 0x000000008ad00000| Untracked 
|  14|0x000000008ae00000, 0x000000008af00000, 0x000000008af00000|100%| O|  |TAMS 0x000000008af00000, 0x000000008ae00000| Untracked 
|  15|0x000000008af00000, 0x000000008b000000, 0x000000008b000000|100%| O|  |TAMS 0x000000008b000000, 0x000000008af00000| Untracked 
|  16|0x000000008b000000, 0x000000008b100000, 0x000000008b100000|100%| O|  |TAMS 0x000000008b100000, 0x000000008b000000| Untracked 
|  17|0x000000008b100000, 0x000000008b200000, 0x000000008b200000|100%| O|  |TAMS 0x000000008b200000, 0x000000008b100000| Untracked 
|  18|0x000000008b200000, 0x000000008b300000, 0x000000008b300000|100%| O|  |TAMS 0x000000008b300000, 0x000000008b200000| Untracked 
|  19|0x000000008b300000, 0x000000008b400000, 0x000000008b400000|100%| O|  |TAMS 0x000000008b400000, 0x000000008b300000| Untracked 
|  20|0x000000008b400000, 0x000000008b500000, 0x000000008b500000|100%| O|  |TAMS 0x000000008b500000, 0x000000008b400000| Untracked 
|  21|0x000000008b500000, 0x000000008b600000, 0x000000008b600000|100%| O|  |TAMS 0x000000008b600000, 0x000000008b500000| Untracked 
|  22|0x000000008b600000, 0x000000008b700000, 0x000000008b700000|100%| O|  |TAMS 0x000000008b700000, 0x000000008b600000| Untracked 
|  23|0x000000008b700000, 0x000000008b800000, 0x000000008b800000|100%| O|  |TAMS 0x000000008b800000, 0x000000008b700000| Untracked 
|  24|0x000000008b800000, 0x000000008b900000, 0x000000008b900000|100%| O|  |TAMS 0x000000008b900000, 0x000000008b800000| Untracked 
|  25|0x000000008b900000, 0x000000008ba00000, 0x000000008ba00000|100%| O|  |TAMS 0x000000008b991600, 0x000000008b900000| Untracked 
|  26|0x000000008ba00000, 0x000000008bb00000, 0x000000008bb00000|100%| O|  |TAMS 0x000000008ba00000, 0x000000008ba00000| Untracked 
|  27|0x000000008bb00000, 0x000000008bc00000, 0x000000008bc00000|100%| O|  |TAMS 0x000000008bb00000, 0x000000008bb00000| Untracked 
|  28|0x000000008bc00000, 0x000000008bcf7800, 0x000000008bd00000| 96%| O|  |TAMS 0x000000008bc00000, 0x000000008bc00000| Untracked 
|  29|0x000000008bd00000, 0x000000008bd00000, 0x000000008be00000|  0%| F|  |TAMS 0x000000008bd00000, 0x000000008bd00000| Untracked 
|  30|0x000000008be00000, 0x000000008be00000, 0x000000008bf00000|  0%| F|  |TAMS 0x000000008be00000, 0x000000008be00000| Untracked 
|  31|0x000000008bf00000, 0x000000008bf00000, 0x000000008c000000|  0%| F|  |TAMS 0x000000008bf00000, 0x000000008bf00000| Untracked 
|  32|0x000000008c000000, 0x000000008c000000, 0x000000008c100000|  0%| F|  |TAMS 0x000000008c000000, 0x000000008c000000| Untracked 
|  33|0x000000008c100000, 0x000000008c100000, 0x000000008c200000|  0%| F|  |TAMS 0x000000008c100000, 0x000000008c100000| Untracked 
|  34|0x000000008c200000, 0x000000008c200000, 0x000000008c300000|  0%| F|  |TAMS 0x000000008c200000, 0x000000008c200000| Untracked 
|  35|0x000000008c300000, 0x000000008c300000, 0x000000008c400000|  0%| F|  |TAMS 0x000000008c300000, 0x000000008c300000| Untracked 
|  36|0x000000008c400000, 0x000000008c400000, 0x000000008c500000|  0%| F|  |TAMS 0x000000008c400000, 0x000000008c400000| Untracked 
|  37|0x000000008c500000, 0x000000008c500000, 0x000000008c600000|  0%| F|  |TAMS 0x000000008c500000, 0x000000008c500000| Untracked 
|  38|0x000000008c600000, 0x000000008c68ee80, 0x000000008c700000| 55%| S|CS|TAMS 0x000000008c600000, 0x000000008c600000| Complete 
|  39|0x000000008c700000, 0x000000008c800000, 0x000000008c800000|100%| S|CS|TAMS 0x000000008c700000, 0x000000008c700000| Complete 
|  40|0x000000008c800000, 0x000000008c800000, 0x000000008c900000|  0%| F|  |TAMS 0x000000008c800000, 0x000000008c800000| Untracked 
|  41|0x000000008c900000, 0x000000008c900000, 0x000000008ca00000|  0%| F|  |TAMS 0x000000008c900000, 0x000000008c900000| Untracked 
|  42|0x000000008ca00000, 0x000000008ca00000, 0x000000008cb00000|  0%| F|  |TAMS 0x000000008ca00000, 0x000000008ca00000| Untracked 
|  43|0x000000008cb00000, 0x000000008cb00000, 0x000000008cc00000|  0%| F|  |TAMS 0x000000008cb00000, 0x000000008cb00000| Untracked 
|  44|0x000000008cc00000, 0x000000008cc00000, 0x000000008cd00000|  0%| F|  |TAMS 0x000000008cc00000, 0x000000008cc00000| Untracked 
|  45|0x000000008cd00000, 0x000000008cd00000, 0x000000008ce00000|  0%| F|  |TAMS 0x000000008cd00000, 0x000000008cd00000| Untracked 
|  46|0x000000008ce00000, 0x000000008ce00000, 0x000000008cf00000|  0%| F|  |TAMS 0x000000008ce00000, 0x000000008ce00000| Untracked 
|  47|0x000000008cf00000, 0x000000008cf00000, 0x000000008d000000|  0%| F|  |TAMS 0x000000008cf00000, 0x000000008cf00000| Untracked 
|  48|0x000000008d000000, 0x000000008d000000, 0x000000008d100000|  0%| F|  |TAMS 0x000000008d000000, 0x000000008d000000| Untracked 
|  49|0x000000008d100000, 0x000000008d100000, 0x000000008d200000|  0%| F|  |TAMS 0x000000008d100000, 0x000000008d100000| Untracked 
| 109|0x0000000090d00000, 0x0000000090d00000, 0x0000000090e00000|  0%| F|  |TAMS 0x0000000090d00000, 0x0000000090d00000| Untracked 
| 110|0x0000000090e00000, 0x0000000090e00000, 0x0000000090f00000|  0%| F|  |TAMS 0x0000000090e00000, 0x0000000090e00000| Untracked 
| 111|0x0000000090f00000, 0x0000000090f00000, 0x0000000091000000|  0%| F|  |TAMS 0x0000000090f00000, 0x0000000090f00000| Untracked 
| 117|0x0000000091500000, 0x000000009157fb60, 0x0000000091600000| 49%| E|  |TAMS 0x0000000091500000, 0x0000000091500000| Complete 

Card table byte_map: [0x00000260acf70000,0x00000260ad320000] _byte_map_base: 0x00000260acb20000

Marking Bits (Prev, Next): (CMBitMap*) 0x000002609a44ecd0, (CMBitMap*) 0x000002609a44ec90
 Prev Bits: [0x00000260af450000, 0x00000260b11d0000)
 Next Bits: [0x00000260ad6d0000, 0x00000260af450000)

Polling page: 0x00000260983d0000

Metaspace:

Usage:
  Non-class:     63.99 MB used.
      Class:      9.59 MB used.
       Both:     73.58 MB used.

Virtual space:
  Non-class space:       72.00 MB reserved,      64.31 MB ( 89%) committed,  9 nodes.
      Class space:        1.00 GB reserved,       9.88 MB ( <1%) committed,  1 nodes.
             Both:        1.07 GB reserved,      74.19 MB (  7%) committed. 

Chunk freelists:
   Non-Class:  3.22 MB
       Class:  2.08 MB
        Both:  5.30 MB

MaxMetaspaceSize: unlimited
CompressedClassSpaceSize: 1.00 GB
Initial GC threshold: 21.00 MB
Current GC threshold: 119.50 MB
CDS: off
MetaspaceReclaimPolicy: balanced
 - commit_granule_bytes: 65536.
 - commit_granule_words: 8192.
 - virtual_space_node_default_size: 1048576.
 - enlarge_chunks_in_place: 1.
 - new_chunks_are_fully_committed: 0.
 - uncommit_free_chunks: 1.
 - use_allocation_guard: 0.
 - handle_deallocations: 1.


Internal statistics:

num_allocs_failed_limit: 8.
num_arena_births: 776.
num_arena_deaths: 0.
num_vsnodes_births: 10.
num_vsnodes_deaths: 0.
num_space_committed: 1187.
num_space_uncommitted: 0.
num_chunks_returned_to_freelist: 8.
num_chunks_taken_from_freelist: 3086.
num_chunk_merges: 5.
num_chunk_splits: 2221.
num_chunks_enlarged: 1732.
num_purges: 0.
num_inconsistent_stats: 0.

CodeHeap 'non-profiled nmethods': size=120000Kb used=3055Kb max_used=3055Kb free=116944Kb
 bounds [0x00000260a5580000, 0x00000260a58b0000, 0x00000260acab0000]
CodeHeap 'profiled nmethods': size=120000Kb used=9864Kb max_used=11127Kb free=110136Kb
 bounds [0x000002609dab0000, 0x000002609e590000, 0x00000260a4fe0000]
CodeHeap 'non-nmethods': size=5760Kb used=1354Kb max_used=1408Kb free=4405Kb
 bounds [0x00000260a4fe0000, 0x00000260a5250000, 0x00000260a5580000]
 total_blobs=6041 nmethods=5346 adapters=607
 compilation: enabled
              stopped_count=0, restarted_count=0
 full_count=0

Compilation events (20 events):
Event: 13.963 Thread 0x00000260b44174e0 nmethod 6184 0x000002609dd58c90 code [0x000002609dd58e40, 0x000002609dd59048]
Event: 13.963 Thread 0x00000260b44174e0 6185       3       java.lang.invoke.BoundMethodHandle::speciesDataFor (32 bytes)
Event: 13.963 Thread 0x00000260b44174e0 nmethod 6185 0x000002609e46c890 code [0x000002609e46ca40, 0x000002609e46cdb8]
Event: 13.963 Thread 0x00000260b44174e0 6186       3       java.lang.invoke.LambdaFormBuffer::insertExpression (30 bytes)
Event: 13.963 Thread 0x00000260b44174e0 nmethod 6186 0x000002609e216e90 code [0x000002609e217040, 0x000002609e2171a8]
Event: 13.963 Thread 0x00000260b44174e0 6187       3       java.lang.invoke.LambdaFormEditor::oldSpeciesData (8 bytes)
Event: 13.963 Thread 0x00000260b44174e0 nmethod 6187 0x000002609e216790 code [0x000002609e216960, 0x000002609e216d58]
Event: 13.963 Thread 0x00000260b4416be0 6188       4       java.lang.invoke.LambdaForm$BasicType::basicType (19 bytes)
Event: 13.965 Thread 0x00000260b44174e0 6191       3       java.util.logging.Logger::isLoggable (27 bytes)
Event: 13.966 Thread 0x00000260b44174e0 nmethod 6191 0x000002609e216310 code [0x000002609e2164c0, 0x000002609e216698]
Event: 13.967 Thread 0x00000260b4416be0 nmethod 6188 0x00000260a5646010 code [0x00000260a56461e0, 0x00000260a56464e8]
Event: 13.967 Thread 0x00000260b4416be0 6189       4       jdk.internal.org.objectweb.asm.Frame::getAbstractTypeFromDescriptor (415 bytes)
Event: 13.974 Thread 0x00000260b4416be0 nmethod 6189 0x00000260a55ed890 code [0x00000260a55edaa0, 0x00000260a55ee9c0]
Event: 13.990 Thread 0x00000260b4416be0 6192 %     4       java.util.Properties$LineReader::readLine @ 53 (584 bytes)
Event: 13.999 Thread 0x00000260b44174e0 6198       3       java.nio.CharBuffer::array (35 bytes)
Event: 13.999 Thread 0x00000260b44174e0 nmethod 6198 0x000002609e215d10 code [0x000002609e215ee0, 0x000002609e2161b8]
Event: 14.007 Thread 0x00000260b44174e0 6199       3       java.lang.String::getChars (54 bytes)
Event: 14.008 Thread 0x00000260b44174e0 nmethod 6199 0x000002609e215490 code [0x000002609e215680, 0x000002609e215af8]
Event: 14.009 Thread 0x00000260b4416be0 nmethod 6192% 0x00000260a55cec10 code [0x00000260a55cee40, 0x00000260a55d0390]
Event: 14.009 Thread 0x00000260b4416be0 6196       4       org.springframework.beans.factory.support.AbstractBeanFactory::isTypeMatch (619 bytes)

GC Heap History (20 events):
Event: 5.245 GC heap before
{Heap before GC invocations=18 (full 0):
 garbage-first heap   total 46080K, used 33328K [0x000000008a000000, 0x0000000100000000)
  region size 1024K, 14 young (14336K), 2 survivors (2048K)
 Metaspace       used 52850K, committed 53312K, reserved 1097728K
  class space    used 6493K, committed 6720K, reserved 1048576K
}
Event: 5.248 GC heap after
{Heap after GC invocations=19 (full 0):
 garbage-first heap   total 46080K, used 23060K [0x000000008a000000, 0x0000000100000000)
  region size 1024K, 2 young (2048K), 2 survivors (2048K)
 Metaspace       used 52850K, committed 53312K, reserved 1097728K
  class space    used 6493K, committed 6720K, reserved 1048576K
}
Event: 5.569 GC heap before
{Heap before GC invocations=19 (full 0):
 garbage-first heap   total 46080K, used 34324K [0x000000008a000000, 0x0000000100000000)
  region size 1024K, 14 young (14336K), 2 survivors (2048K)
 Metaspace       used 56169K, committed 56640K, reserved 1105920K
  class space    used 6903K, committed 7104K, reserved 1048576K
}
Event: 5.571 GC heap after
{Heap after GC invocations=20 (full 0):
 garbage-first heap   total 46080K, used 23775K [0x000000008a000000, 0x0000000100000000)
  region size 1024K, 2 young (2048K), 2 survivors (2048K)
 Metaspace       used 56169K, committed 56640K, reserved 1105920K
  class space    used 6903K, committed 7104K, reserved 1048576K
}
Event: 5.866 GC heap before
{Heap before GC invocations=21 (full 0):
 garbage-first heap   total 46080K, used 36063K [0x000000008a000000, 0x0000000100000000)
  region size 1024K, 14 young (14336K), 2 survivors (2048K)
 Metaspace       used 60094K, committed 60608K, reserved 1105920K
  class space    used 7641K, committed 7872K, reserved 1048576K
}
Event: 5.868 GC heap after
{Heap after GC invocations=22 (full 0):
 garbage-first heap   total 46080K, used 24321K [0x000000008a000000, 0x0000000100000000)
  region size 1024K, 2 young (2048K), 2 survivors (2048K)
 Metaspace       used 60094K, committed 60608K, reserved 1105920K
  class space    used 7641K, committed 7872K, reserved 1048576K
}
Event: 6.083 GC heap before
{Heap before GC invocations=22 (full 0):
 garbage-first heap   total 46080K, used 35585K [0x000000008a000000, 0x0000000100000000)
  region size 1024K, 14 young (14336K), 2 survivors (2048K)
 Metaspace       used 62236K, committed 62656K, reserved 1105920K
  class space    used 7972K, committed 8192K, reserved 1048576K
}
Event: 6.086 GC heap after
{Heap after GC invocations=23 (full 0):
 garbage-first heap   total 46080K, used 24827K [0x000000008a000000, 0x0000000100000000)
  region size 1024K, 2 young (2048K), 2 survivors (2048K)
 Metaspace       used 62236K, committed 62656K, reserved 1105920K
  class space    used 7972K, committed 8192K, reserved 1048576K
}
Event: 6.522 GC heap before
{Heap before GC invocations=24 (full 0):
 garbage-first heap   total 46080K, used 36091K [0x000000008a000000, 0x0000000100000000)
  region size 1024K, 13 young (13312K), 2 survivors (2048K)
 Metaspace       used 65103K, committed 65600K, reserved 1105920K
  class space    used 8395K, committed 8640K, reserved 1048576K
}
Event: 6.524 GC heap after
{Heap after GC invocations=25 (full 0):
 garbage-first heap   total 46080K, used 25303K [0x000000008a000000, 0x0000000100000000)
  region size 1024K, 2 young (2048K), 2 survivors (2048K)
 Metaspace       used 65103K, committed 65600K, reserved 1105920K
  class space    used 8395K, committed 8640K, reserved 1048576K
}
Event: 6.720 GC heap before
{Heap before GC invocations=25 (full 0):
 garbage-first heap   total 46080K, used 36567K [0x000000008a000000, 0x0000000100000000)
  region size 1024K, 13 young (13312K), 2 survivors (2048K)
 Metaspace       used 67329K, committed 67840K, reserved 1114112K
  class space    used 8690K, committed 8896K, reserved 1048576K
}
Event: 6.723 GC heap after
{Heap after GC invocations=26 (full 0):
 garbage-first heap   total 46080K, used 26222K [0x000000008a000000, 0x0000000100000000)
  region size 1024K, 2 young (2048K), 2 survivors (2048K)
 Metaspace       used 67329K, committed 67840K, reserved 1114112K
  class space    used 8690K, committed 8896K, reserved 1048576K
}
Event: 6.907 GC heap before
{Heap before GC invocations=27 (full 0):
 garbage-first heap   total 51200K, used 37486K [0x000000008a000000, 0x0000000100000000)
  region size 1024K, 13 young (13312K), 2 survivors (2048K)
 Metaspace       used 68736K, committed 69248K, reserved 1114112K
  class space    used 8902K, committed 9152K, reserved 1048576K
}
Event: 6.910 GC heap after
{Heap after GC invocations=28 (full 0):
 garbage-first heap   total 51200K, used 26735K [0x000000008a000000, 0x0000000100000000)
  region size 1024K, 2 young (2048K), 2 survivors (2048K)
 Metaspace       used 68736K, committed 69248K, reserved 1114112K
  class space    used 8902K, committed 9152K, reserved 1048576K
}
Event: 7.074 GC heap before
{Heap before GC invocations=28 (full 0):
 garbage-first heap   total 51200K, used 42095K [0x000000008a000000, 0x0000000100000000)
  region size 1024K, 17 young (17408K), 2 survivors (2048K)
 Metaspace       used 69685K, committed 70272K, reserved 1114112K
  class space    used 9042K, committed 9344K, reserved 1048576K
}
Event: 7.076 GC heap after
{Heap after GC invocations=29 (full 0):
 garbage-first heap   total 51200K, used 27589K [0x000000008a000000, 0x0000000100000000)
  region size 1024K, 3 young (3072K), 3 survivors (3072K)
 Metaspace       used 69685K, committed 70272K, reserved 1114112K
  class space    used 9042K, committed 9344K, reserved 1048576K
}
Event: 7.208 GC heap before
{Heap before GC invocations=30 (full 0):
 garbage-first heap   total 55296K, used 41925K [0x000000008a000000, 0x0000000100000000)
  region size 1024K, 17 young (17408K), 3 survivors (3072K)
 Metaspace       used 70482K, committed 71040K, reserved 1114112K
  class space    used 9148K, committed 9408K, reserved 1048576K
}
Event: 7.210 GC heap after
{Heap after GC invocations=31 (full 0):
 garbage-first heap   total 55296K, used 28110K [0x000000008a000000, 0x0000000100000000)
  region size 1024K, 2 young (2048K), 2 survivors (2048K)
 Metaspace       used 70482K, committed 71040K, reserved 1114112K
  class space    used 9148K, committed 9408K, reserved 1048576K
}
Event: 7.540 GC heap before
{Heap before GC invocations=31 (full 0):
 garbage-first heap   total 55296K, used 45518K [0x000000008a000000, 0x0000000100000000)
  region size 1024K, 19 young (19456K), 2 survivors (2048K)
 Metaspace       used 72784K, committed 73408K, reserved 1114112K
  class space    used 9485K, committed 9792K, reserved 1048576K
}
Event: 7.546 GC heap after
{Heap after GC invocations=32 (full 0):
 garbage-first heap   total 55296K, used 29785K [0x000000008a000000, 0x0000000100000000)
  region size 1024K, 3 young (3072K), 3 survivors (3072K)
 Metaspace       used 72784K, committed 73408K, reserved 1114112K
  class space    used 9485K, committed 9792K, reserved 1048576K
}

Dll operation events (9 events):
Event: 0.009 Loaded shared library C:\Users\hmmdn\.p2\pool\plugins\org.eclipse.justj.openjdk.hotspot.jre.full.win32.x86_64_17.0.6.v20230204-1729\jre\bin\java.dll
Event: 0.159 Loaded shared library C:\Users\hmmdn\.p2\pool\plugins\org.eclipse.justj.openjdk.hotspot.jre.full.win32.x86_64_17.0.6.v20230204-1729\jre\bin\net.dll
Event: 0.162 Loaded shared library C:\Users\hmmdn\.p2\pool\plugins\org.eclipse.justj.openjdk.hotspot.jre.full.win32.x86_64_17.0.6.v20230204-1729\jre\bin\nio.dll
Event: 0.167 Loaded shared library C:\Users\hmmdn\.p2\pool\plugins\org.eclipse.justj.openjdk.hotspot.jre.full.win32.x86_64_17.0.6.v20230204-1729\jre\bin\zip.dll
Event: 0.296 Loaded shared library C:\Users\hmmdn\.p2\pool\plugins\org.eclipse.justj.openjdk.hotspot.jre.full.win32.x86_64_17.0.6.v20230204-1729\jre\bin\jimage.dll
Event: 0.593 Loaded shared library C:\Users\hmmdn\.p2\pool\plugins\org.eclipse.justj.openjdk.hotspot.jre.full.win32.x86_64_17.0.6.v20230204-1729\jre\bin\management.dll
Event: 0.616 Loaded shared library C:\Users\hmmdn\.p2\pool\plugins\org.eclipse.justj.openjdk.hotspot.jre.full.win32.x86_64_17.0.6.v20230204-1729\jre\bin\management_ext.dll
Event: 3.480 Loaded shared library C:\Users\hmmdn\.p2\pool\plugins\org.eclipse.justj.openjdk.hotspot.jre.full.win32.x86_64_17.0.6.v20230204-1729\jre\bin\sunmscapi.dll
Event: 4.135 Loaded shared library C:\Users\hmmdn\.p2\pool\plugins\org.eclipse.justj.openjdk.hotspot.jre.full.win32.x86_64_17.0.6.v20230204-1729\jre\bin\verify.dll

Deoptimization events (20 events):
Event: 7.587 Thread 0x00000260b4e30030 DEOPT PACKING pc=0x00000260a55c8414 sp=0x000000ab776fd5e0
Event: 7.587 Thread 0x00000260b4e30030 DEOPT UNPACKING pc=0x00000260a50369a3 sp=0x000000ab776fd578 mode 2
Event: 7.604 Thread 0x00000260b4e30030 Uncommon trap: trap_request=0xfffffff4 fr.pc=0x00000260a5695b24 relative=0x0000000000000264
Event: 7.604 Thread 0x00000260b4e30030 Uncommon trap: reason=null_check action=make_not_entrant pc=0x00000260a5695b24 method=org.springframework.util.ClassUtils.isAssignable(Ljava/lang/Class;Ljava/lang/Class;)Z @ 14 c2
Event: 7.604 Thread 0x00000260b4e30030 DEOPT PACKING pc=0x00000260a5695b24 sp=0x000000ab776fda20
Event: 7.604 Thread 0x00000260b4e30030 DEOPT UNPACKING pc=0x00000260a50369a3 sp=0x000000ab776fd9b0 mode 2
Event: 7.731 Thread 0x00000260b4e30030 Uncommon trap: trap_request=0xffffff54 fr.pc=0x00000260a5616874 relative=0x0000000000000334
Event: 7.731 Thread 0x00000260b4e30030 Uncommon trap: reason=speculate_null_assert action=make_not_entrant pc=0x00000260a5616874 method=org.springframework.util.ConcurrentReferenceHashMap$Segment.restructureIfNecessary(Z)V @ 41 c2
Event: 7.731 Thread 0x00000260b4e30030 DEOPT PACKING pc=0x00000260a5616874 sp=0x000000ab776fe0a0
Event: 7.731 Thread 0x00000260b4e30030 DEOPT UNPACKING pc=0x00000260a50369a3 sp=0x000000ab776fe068 mode 2
Event: 8.687 Thread 0x00000260b7c87f30 Uncommon trap: trap_request=0xffffff45 fr.pc=0x00000260a57652a0 relative=0x0000000000001f40
Event: 8.687 Thread 0x00000260b7c87f30 Uncommon trap: reason=unstable_if action=reinterpret pc=0x00000260a57652a0 method=java.net.URL.<init>(Ljava/net/URL;Ljava/lang/String;Ljava/net/URLStreamHandler;)V @ 57 c2
Event: 8.687 Thread 0x00000260b7c87f30 DEOPT PACKING pc=0x00000260a57652a0 sp=0x000000ab77efeb70
Event: 8.687 Thread 0x00000260b7c87f30 DEOPT UNPACKING pc=0x00000260a50369a3 sp=0x000000ab77efeb30 mode 2
Event: 13.990 Thread 0x00000260b96a6730 DEOPT PACKING pc=0x000002609e2fd821 sp=0x000000ab787fd8c0
Event: 13.990 Thread 0x00000260b96a6730 DEOPT UNPACKING pc=0x00000260a5037143 sp=0x000000ab787fcd78 mode 0
Event: 14.001 Thread 0x00000260b96a6730 Uncommon trap: trap_request=0xffffff45 fr.pc=0x00000260a56365d0 relative=0x00000000000001d0
Event: 14.001 Thread 0x00000260b96a6730 Uncommon trap: reason=unstable_if action=reinterpret pc=0x00000260a56365d0 method=java.lang.String.indexOf(Ljava/lang/String;)I @ 10 c2
Event: 14.001 Thread 0x00000260b96a6730 DEOPT PACKING pc=0x00000260a56365d0 sp=0x000000ab787fdd30
Event: 14.001 Thread 0x00000260b96a6730 DEOPT UNPACKING pc=0x00000260a50369a3 sp=0x000000ab787fdcc0 mode 2

Classes unloaded (0 events):
No events

Classes redefined (0 events):
No events

Internal exceptions (20 events):
Event: 6.810 Thread 0x00000260b4e30030 Exception <a 'java/lang/IncompatibleClassChangeError'{0x000000008cbfa7f0}: Found class java.lang.Object, but interface was expected> (0x000000008cbfa7f0) 
thrown [s\src\hotspot\share\interpreter\linkResolver.cpp, line 826]
Event: 6.899 Thread 0x00000260b4e30030 Exception <a 'java/lang/NoSuchMethodError'{0x000000008c7c6450}: 'long java.lang.invoke.DirectMethodHandle$Holder.invokeVirtual(java.lang.Object, java.lang.Object)'> (0x000000008c7c6450) 
thrown [s\src\hotspot\share\interpreter\linkResolver.cpp, line 759]
Event: 6.905 Thread 0x00000260b4e30030 Exception <a 'java/io/FileNotFoundException'{0x000000008c7f37f0}> (0x000000008c7f37f0) 
thrown [s\src\hotspot\share\prims\jni.cpp, line 516]
Event: 6.978 Thread 0x00000260b4e30030 Implicit null exception at 0x00000260a5693c41 to 0x00000260a5694007
Event: 7.000 Thread 0x00000260b4e30030 Exception <a 'java/lang/NoSuchMethodError'{0x0000000090d77bf0}: 'java.lang.Object java.lang.invoke.Invokers$Holder.invoker(java.lang.Object, java.lang.Object, java.lang.Object, java.lang.Object)'> (0x0000000090d77bf0) 
thrown [s\src\hotspot\share\interpreter\linkResolver.cpp, line 759]
Event: 7.001 Thread 0x00000260b4e30030 Exception <a 'java/lang/NoSuchMethodError'{0x0000000090d814a0}: 'int java.lang.invoke.DirectMethodHandle$Holder.invokeSpecial(java.lang.Object, java.lang.Object, java.lang.Object, int)'> (0x0000000090d814a0) 
thrown [s\src\hotspot\share\interpreter\linkResolver.cpp, line 759]
Event: 7.003 Thread 0x00000260b4e30030 Exception <a 'java/lang/NoSuchMethodError'{0x0000000090d93910}: 'java.lang.Object java.lang.invoke.DirectMethodHandle$Holder.invokeStatic(java.lang.Object, java.lang.Object, java.lang.Object, java.lang.Object, int)'> (0x0000000090d93910) 
thrown [s\src\hotspot\share\interpreter\linkResolver.cpp, line 759]
Event: 7.004 Thread 0x00000260b4e30030 Exception <a 'java/lang/NoSuchMethodError'{0x0000000090d9e540}: 'void java.lang.invoke.DelegatingMethodHandle$Holder.reinvoke_L(java.lang.Object, java.lang.Object, int)'> (0x0000000090d9e540) 
thrown [s\src\hotspot\share\interpreter\linkResolver.cpp, line 759]
Event: 7.004 Thread 0x00000260b4e30030 Exception <a 'java/lang/NoSuchMethodError'{0x0000000090dac210}: 'java.lang.Object java.lang.invoke.Invokers$Holder.invokeExact_MT(java.lang.Object, java.lang.Object, java.lang.Object, java.lang.Object)'> (0x0000000090dac210) 
thrown [s\src\hotspot\share\interpreter\linkResolver.cpp, line 759]
Event: 7.048 Thread 0x00000260b4e30030 Exception <a 'java/lang/reflect/InvocationTargetException'{0x000000008c8d3068}> (0x000000008c8d3068) 
thrown [s\src\hotspot\share\runtime\reflection.cpp, line 1121]
Event: 7.122 Thread 0x00000260b4e30030 Exception <a 'java/lang/reflect/InvocationTargetException'{0x000000008cc0adf0}> (0x000000008cc0adf0) 
thrown [s\src\hotspot\share\runtime\reflection.cpp, line 1121]
Event: 7.389 Thread 0x00000260b4e30030 Exception <a 'java/lang/IncompatibleClassChangeError'{0x000000008ccfa098}: Found class java.lang.Object, but interface was expected> (0x000000008ccfa098) 
thrown [s\src\hotspot\share\interpreter\linkResolver.cpp, line 826]
Event: 7.492 Thread 0x00000260b4e30030 Exception <a 'java/lang/NoSuchMethodError'{0x000000008c58c9d8}: 'void java.lang.invoke.DirectMethodHandle$Holder.invokeVirtual(java.lang.Object, java.lang.Object, long)'> (0x000000008c58c9d8) 
thrown [s\src\hotspot\share\interpreter\linkResolver.cpp, line 759]
Event: 7.604 Thread 0x00000260b4e30030 Implicit null exception at 0x00000260a56958da to 0x00000260a5695b10
Event: 7.682 Thread 0x00000260b4e30030 Exception <a 'java/lang/NoSuchMethodError'{0x000000008cf28650}: 'java.lang.Object java.lang.invoke.DirectMethodHandle$Holder.newInvokeSpecial(java.lang.Object, java.lang.Object, int, java.lang.Object, java.lang.Object)'> (0x000000008cf28650) 
thrown [s\src\hotspot\share\interpreter\linkResolver.cpp, line 759]
Event: 7.682 Thread 0x00000260b4e30030 Exception <a 'java/lang/NoSuchMethodError'{0x000000008cf338e8}: 'java.lang.Object java.lang.invoke.DirectMethodHandle$Holder.invokeSpecial(java.lang.Object, java.lang.Object, int, java.lang.Object, int, java.lang.Object)'> (0x000000008cf338e8) 
thrown [s\src\hotspot\share\interpreter\linkResolver.cpp, line 759]
Event: 7.683 Thread 0x00000260b4e30030 Exception <a 'java/lang/NoSuchMethodError'{0x000000008cf3b908}: 'java.lang.Object java.lang.invoke.DirectMethodHandle$Holder.newInvokeSpecial(java.lang.Object, java.lang.Object, int, java.lang.Object, int)'> (0x000000008cf3b908) 
thrown [s\src\hotspot\share\interpreter\linkResolver.cpp, line 759]
Event: 7.683 Thread 0x00000260b4e30030 Exception <a 'java/lang/NoSuchMethodError'{0x000000008cf3fa08}: 'java.lang.Object java.lang.invoke.DirectMethodHandle$Holder.invokeSpecial(java.lang.Object, java.lang.Object, java.lang.Object, int, java.lang.Object, int)'> (0x000000008cf3fa08) 
thrown [s\src\hotspot\share\interpreter\linkResolver.cpp, line 759]
Event: 13.964 Thread 0x00000260b96a4580 Exception <a 'java/lang/NoSuchMethodError'{0x000000008cbdb240}: 'java.lang.Object java.lang.invoke.DirectMethodHandle$Holder.invokeSpecial(java.lang.Object, java.lang.Object, java.lang.Object, java.lang.Object, java.lang.Object, long)'> (0x000000008cbdb240) 
thrown [s\src\hotspot\share\interpreter\linkResolver.cpp, line 759]
Event: 13.964 Thread 0x00000260b96a4580 Exception <a 'java/lang/NoSuchMethodError'{0x000000008cbdec80}: 'java.lang.Object java.lang.invoke.Invokers$Holder.linkToTargetMethod(java.lang.Object, java.lang.Object, java.lang.Object, long, java.lang.Object)'> (0x000000008cbdec80) 
thrown [s\src\hotspot\share\interpreter\linkResolver.cpp, line 759]

VM Operations (20 events):
Event: 7.508 Executing VM operation: HandshakeAllThreads
Event: 7.508 Executing VM operation: HandshakeAllThreads done
Event: 7.540 Executing VM operation: G1CollectForAllocation
Event: 7.546 Executing VM operation: G1CollectForAllocation done
Event: 7.563 Executing VM operation: G1Concurrent
Event: 7.566 Executing VM operation: G1Concurrent done
Event: 7.574 Executing VM operation: G1Concurrent
Event: 7.574 Executing VM operation: G1Concurrent done
Event: 7.730 Executing VM operation: HandshakeAllThreads
Event: 7.730 Executing VM operation: HandshakeAllThreads done
Event: 8.732 Executing VM operation: Cleanup
Event: 8.732 Executing VM operation: Cleanup done
Event: 11.761 Executing VM operation: Cleanup
Event: 11.761 Executing VM operation: Cleanup done
Event: 12.769 Executing VM operation: Cleanup
Event: 12.769 Executing VM operation: Cleanup done
Event: 13.980 Executing VM operation: HandshakeAllThreads
Event: 13.980 Executing VM operation: HandshakeAllThreads done
Event: 13.980 Executing VM operation: Cleanup
Event: 13.981 Executing VM operation: Cleanup done

Events (20 events):
Event: 13.933 loading class sun/nio/ch/SocketAdaptor
Event: 13.933 loading class sun/nio/ch/SocketAdaptor done
Event: 13.933 loading class sun/nio/ch/SocketChannelImpl$DefaultOptionsHolder
Event: 13.933 loading class sun/nio/ch/SocketChannelImpl$DefaultOptionsHolder done
Event: 13.934 loading class sun/nio/ch/SelectionKeyImpl
Event: 13.934 loading class java/nio/channels/spi/AbstractSelectionKey
Event: 13.934 loading class java/nio/channels/SelectionKey
Event: 13.935 loading class java/nio/channels/SelectionKey done
Event: 13.935 loading class java/nio/channels/spi/AbstractSelectionKey done
Event: 13.935 loading class sun/nio/ch/SelectionKeyImpl done
Event: 13.935 loading class java/lang/invoke/ConstantBootstraps
Event: 13.935 loading class java/lang/invoke/ConstantBootstraps done
Event: 13.966 loading class sun/nio/cs/ThreadLocalCoders
Event: 13.967 loading class sun/nio/cs/ThreadLocalCoders done
Event: 13.967 loading class sun/nio/cs/ThreadLocalCoders$1
Event: 13.967 loading class sun/nio/cs/ThreadLocalCoders$Cache
Event: 13.967 loading class sun/nio/cs/ThreadLocalCoders$Cache done
Event: 13.967 loading class sun/nio/cs/ThreadLocalCoders$1 done
Event: 13.967 loading class sun/nio/cs/ThreadLocalCoders$2
Event: 13.967 loading class sun/nio/cs/ThreadLocalCoders$2 done


Dynamic libraries:
0x00007ff6c77e0000 - 0x00007ff6c77ee000 	C:\Users\hmmdn\.p2\pool\plugins\org.eclipse.justj.openjdk.hotspot.jre.full.win32.x86_64_17.0.6.v20230204-1729\jre\bin\javaw.exe
0x00007ffe49840000 - 0x00007ffe49a49000 	C:\Windows\SYSTEM32\ntdll.dll
0x00007ffe47fc0000 - 0x00007ffe4807e000 	C:\Windows\System32\KERNEL32.DLL
0x00007ffe470e0000 - 0x00007ffe47464000 	C:\Windows\System32\KERNELBASE.dll
0x00007ffe46e30000 - 0x00007ffe46f41000 	C:\Windows\System32\ucrtbase.dll
0x00007ffe36810000 - 0x00007ffe36827000 	C:\Users\hmmdn\.p2\pool\plugins\org.eclipse.justj.openjdk.hotspot.jre.full.win32.x86_64_17.0.6.v20230204-1729\jre\bin\jli.dll
0x00007ffe47800000 - 0x00007ffe479ad000 	C:\Windows\System32\USER32.dll
0x00007ffe47660000 - 0x00007ffe47686000 	C:\Windows\System32\win32u.dll
0x00007ffe48240000 - 0x00007ffe4826a000 	C:\Windows\System32\GDI32.dll
0x00007ffe46f50000 - 0x00007ffe4706f000 	C:\Windows\System32\gdi32full.dll
0x00007ffe46d90000 - 0x00007ffe46e2d000 	C:\Windows\System32\msvcp_win.dll
0x00007ffe36b30000 - 0x00007ffe36dd5000 	C:\Windows\WinSxS\amd64_microsoft.windows.common-controls_6595b64144ccf1df_6.0.22000.120_none_9d947278b86cc467\COMCTL32.dll
0x00007ffe48c50000 - 0x00007ffe48cf3000 	C:\Windows\System32\msvcrt.dll
0x00007ffe28dc0000 - 0x00007ffe28dd9000 	C:\Users\hmmdn\.p2\pool\plugins\org.eclipse.justj.openjdk.hotspot.jre.full.win32.x86_64_17.0.6.v20230204-1729\jre\bin\VCRUNTIME140.dll
0x00007ffe490e0000 - 0x00007ffe49111000 	C:\Windows\System32\IMM32.DLL
0x00007ffe39120000 - 0x00007ffe3912c000 	C:\Users\hmmdn\.p2\pool\plugins\org.eclipse.justj.openjdk.hotspot.jre.full.win32.x86_64_17.0.6.v20230204-1729\jre\bin\vcruntime140_1.dll
0x00007ffe09ca0000 - 0x00007ffe09d31000 	C:\Users\hmmdn\.p2\pool\plugins\org.eclipse.justj.openjdk.hotspot.jre.full.win32.x86_64_17.0.6.v20230204-1729\jre\bin\msvcp140.dll
0x00007ffde9c40000 - 0x00007ffdea887000 	C:\Users\hmmdn\.p2\pool\plugins\org.eclipse.justj.openjdk.hotspot.jre.full.win32.x86_64_17.0.6.v20230204-1729\jre\bin\server\jvm.dll
0x00007ffe49750000 - 0x00007ffe497ff000 	C:\Windows\System32\ADVAPI32.dll
0x00007ffe47f20000 - 0x00007ffe47fbe000 	C:\Windows\System32\sechost.dll
0x00007ffe49120000 - 0x00007ffe49241000 	C:\Windows\System32\RPCRT4.dll
0x00007ffe413d0000 - 0x00007ffe413d9000 	C:\Windows\SYSTEM32\WSOCK32.dll
0x00007ffe495d0000 - 0x00007ffe4963f000 	C:\Windows\System32\WS2_32.dll
0x00007ffe40a10000 - 0x00007ffe40a43000 	C:\Windows\SYSTEM32\WINMM.dll
0x00007ffe3e0d0000 - 0x00007ffe3e0da000 	C:\Windows\SYSTEM32\VERSION.dll
0x00007ffe45d30000 - 0x00007ffe45d48000 	C:\Windows\SYSTEM32\kernel.appcore.dll
0x00007ffe43150000 - 0x00007ffe4315a000 	C:\Users\hmmdn\.p2\pool\plugins\org.eclipse.justj.openjdk.hotspot.jre.full.win32.x86_64_17.0.6.v20230204-1729\jre\bin\jimage.dll
0x00007ffe44720000 - 0x00007ffe44941000 	C:\Windows\SYSTEM32\DBGHELP.DLL
0x00007ffe2d930000 - 0x00007ffe2d961000 	C:\Windows\SYSTEM32\dbgcore.DLL
0x00007ffe47470000 - 0x00007ffe474ef000 	C:\Windows\System32\bcryptPrimitives.dll
0x00007ffe42ae0000 - 0x00007ffe42b05000 	C:\Users\hmmdn\.p2\pool\plugins\org.eclipse.justj.openjdk.hotspot.jre.full.win32.x86_64_17.0.6.v20230204-1729\jre\bin\java.dll
0x00007ffe41380000 - 0x00007ffe41398000 	C:\Users\hmmdn\.p2\pool\plugins\org.eclipse.justj.openjdk.hotspot.jre.full.win32.x86_64_17.0.6.v20230204-1729\jre\bin\zip.dll
0x00007ffe48270000 - 0x00007ffe48a35000 	C:\Windows\System32\SHELL32.dll
0x00007ffe44d90000 - 0x00007ffe455f4000 	C:\Windows\SYSTEM32\windows.storage.dll
0x00007ffe49250000 - 0x00007ffe495c6000 	C:\Windows\System32\combase.dll
0x00007ffe44c20000 - 0x00007ffe44d87000 	C:\Windows\SYSTEM32\wintypes.dll
0x00007ffe48b60000 - 0x00007ffe48c4a000 	C:\Windows\System32\SHCORE.dll
0x00007ffe479b0000 - 0x00007ffe47a0d000 	C:\Windows\System32\shlwapi.dll
0x00007ffe46c00000 - 0x00007ffe46c25000 	C:\Windows\SYSTEM32\profapi.dll
0x00007ffe3a6f0000 - 0x00007ffe3a709000 	C:\Users\hmmdn\.p2\pool\plugins\org.eclipse.justj.openjdk.hotspot.jre.full.win32.x86_64_17.0.6.v20230204-1729\jre\bin\net.dll
0x00007ffe40770000 - 0x00007ffe40883000 	C:\Windows\SYSTEM32\WINHTTP.dll
0x00007ffe461e0000 - 0x00007ffe46247000 	C:\Windows\system32\mswsock.dll
0x00007ffe39010000 - 0x00007ffe39025000 	C:\Users\hmmdn\.p2\pool\plugins\org.eclipse.justj.openjdk.hotspot.jre.full.win32.x86_64_17.0.6.v20230204-1729\jre\bin\nio.dll
0x00007ffe39070000 - 0x00007ffe39079000 	C:\Users\hmmdn\.p2\pool\plugins\org.eclipse.justj.openjdk.hotspot.jre.full.win32.x86_64_17.0.6.v20230204-1729\jre\bin\management.dll
0x00007ffe39000000 - 0x00007ffe3900b000 	C:\Users\hmmdn\.p2\pool\plugins\org.eclipse.justj.openjdk.hotspot.jre.full.win32.x86_64_17.0.6.v20230204-1729\jre\bin\management_ext.dll
0x00007ffe47690000 - 0x00007ffe47698000 	C:\Windows\System32\PSAPI.DLL
0x00007ffe46430000 - 0x00007ffe46448000 	C:\Windows\SYSTEM32\CRYPTSP.dll
0x00007ffe45c90000 - 0x00007ffe45cc5000 	C:\Windows\system32\rsaenh.dll
0x00007ffe462e0000 - 0x00007ffe4630c000 	C:\Windows\SYSTEM32\USERENV.dll
0x00007ffe46610000 - 0x00007ffe46637000 	C:\Windows\SYSTEM32\bcrypt.dll
0x00007ffe46990000 - 0x00007ffe4699c000 	C:\Windows\SYSTEM32\CRYPTBASE.dll
0x00007ffe45850000 - 0x00007ffe4587d000 	C:\Windows\SYSTEM32\IPHLPAPI.DLL
0x00007ffe49040000 - 0x00007ffe49049000 	C:\Windows\System32\NSI.dll
0x00007ffe40d10000 - 0x00007ffe40d29000 	C:\Windows\SYSTEM32\dhcpcsvc6.DLL
0x00007ffe40f20000 - 0x00007ffe40f3e000 	C:\Windows\SYSTEM32\dhcpcsvc.DLL
0x00007ffe458c0000 - 0x00007ffe459a7000 	C:\Windows\SYSTEM32\DNSAPI.dll
0x00007ffe41330000 - 0x00007ffe4133e000 	C:\Users\hmmdn\.p2\pool\plugins\org.eclipse.justj.openjdk.hotspot.jre.full.win32.x86_64_17.0.6.v20230204-1729\jre\bin\sunmscapi.dll
0x00007ffe474f0000 - 0x00007ffe4765a000 	C:\Windows\System32\CRYPT32.dll
0x00007ffe465e0000 - 0x00007ffe4660a000 	C:\Windows\SYSTEM32\ncrypt.dll
0x00007ffe465a0000 - 0x00007ffe465d7000 	C:\Windows\SYSTEM32\NTASN1.dll
0x00007ffe43090000 - 0x00007ffe430a0000 	C:\Users\hmmdn\.p2\pool\plugins\org.eclipse.justj.openjdk.hotspot.jre.full.win32.x86_64_17.0.6.v20230204-1729\jre\bin\verify.dll
0x00007ffe30200000 - 0x00007ffe3020a000 	C:\Windows\System32\rasadhlp.dll
0x00007ffe3d410000 - 0x00007ffe3d492000 	C:\Windows\System32\fwpuclnt.dll
0x00007ffe35f80000 - 0x00007ffe35f88000 	C:\Windows\system32\wshunix.dll

dbghelp: loaded successfully - version: 4.0.5 - missing functions: none
symbol engine: initialized successfully - sym options: 0x614 - pdb path: .;C:\Users\hmmdn\.p2\pool\plugins\org.eclipse.justj.openjdk.hotspot.jre.full.win32.x86_64_17.0.6.v20230204-1729\jre\bin;C:\Windows\SYSTEM32;C:\Windows\WinSxS\amd64_microsoft.windows.common-controls_6595b64144ccf1df_6.0.22000.120_none_9d947278b86cc467;C:\Users\hmmdn\.p2\pool\plugins\org.eclipse.justj.openjdk.hotspot.jre.full.win32.x86_64_17.0.6.v20230204-1729\jre\bin\server

VM Arguments:
jvm_args: -Dfile.encoding=UTF-8 -XX:+ShowCodeDetailsInExceptionMessages 
java_command: com.project.school.SchoolApplication
java_class_path (initial): C:\Users\hmmdn\OneDrive\Desktop\school\target\classes;C:\Users\hmmdn\.m2\repository\org\springframework\boot\spring-boot-starter-data-jpa\3.1.0\spring-boot-starter-data-jpa-3.1.0.jar;C:\Users\hmmdn\.m2\repository\org\springframework\boot\spring-boot-starter-aop\3.1.0\spring-boot-starter-aop-3.1.0.jar;C:\Users\hmmdn\.m2\repository\org\aspectj\aspectjweaver\1.9.19\aspectjweaver-1.9.19.jar;C:\Users\hmmdn\.m2\repository\org\springframework\boot\spring-boot-starter-jdbc\3.1.0\spring-boot-starter-jdbc-3.1.0.jar;C:\Users\hmmdn\.m2\repository\com\zaxxer\HikariCP\5.0.1\HikariCP-5.0.1.jar;C:\Users\hmmdn\.m2\repository\org\springframework\spring-jdbc\6.0.9\spring-jdbc-6.0.9.jar;C:\Users\hmmdn\.m2\repository\org\hibernate\orm\hibernate-core\6.2.2.Final\hibernate-core-6.2.2.Final.jar;C:\Users\hmmdn\.m2\repository\jakarta\persistence\jakarta.persistence-api\3.1.0\jakarta.persistence-api-3.1.0.jar;C:\Users\hmmdn\.m2\repository\jakarta\transaction\jakarta.transaction-api\2.0.1\jakarta.transaction-api-2.0.1.jar;C:\Users\hmmdn\.m2\repository\org\jboss\logging\jboss-logging\3.5.0.Final\jboss-logging-3.5.0.Final.jar;C:\Users\hmmdn\.m2\repository\org\hibernate\common\hibernate-commons-annotations\6.0.6.Final\hibernate-commons-annotations-6.0.6.Final.jar;C:\Users\hmmdn\.m2\repository\io\smallrye\jandex\3.0.5\jandex-3.0.5.jar;C:\Users\hmmdn\.m2\repository\com\fasterxml\classmate\1.5.1\classmate-1.5.1.jar;C:\Users\hmmdn\.m2\repository\net\bytebuddy\byte-buddy\1.14.4\byte-buddy-1.14.4.jar;C:\Users\hmmdn\.m2\repository\org\glassfish\jaxb\jaxb-runtime\4.0.2\jaxb-runtime-4.0.2.jar;C:\Users\hmmdn\.m2\repository\org\glassfish\jaxb\jaxb-core\4.0.2\jaxb-core-4.0.2.jar;C:\Users\hmmdn\.m2\repository\org\eclipse\angus\angus-activation\2.0.0\angus-activation-2.0.0.jar;C:\Users\hmmdn\.m2\repository\org\glassfish\jaxb\txw2\4.0.2\txw2-4.0.2.jar;C:\Users\hmmdn\.m2\repository\com\sun\istack\istack-commons-runtime\4.1.1\istack-commons-runtime-4.1.1.jar;C:\Users\hmmdn\.m2\reposit
Launcher Type: SUN_STANDARD

[Global flags]
     intx CICompilerCount                          = 3                                         {product} {ergonomic}
     uint ConcGCThreads                            = 2                                         {product} {ergonomic}
     uint G1ConcRefinementThreads                  = 6                                         {product} {ergonomic}
   size_t G1HeapRegionSize                         = 1048576                                   {product} {ergonomic}
    uintx GCDrainStackTargetSize                   = 64                                        {product} {ergonomic}
   size_t InitialHeapSize                          = 123731968                                 {product} {ergonomic}
   size_t MarkStackSize                            = 4194304                                   {product} {ergonomic}
   size_t MaxHeapSize                              = 1979711488                                {product} {ergonomic}
   size_t MaxNewSize                               = 1186988032                                {product} {ergonomic}
   size_t MinHeapDeltaBytes                        = 1048576                                   {product} {ergonomic}
   size_t MinHeapSize                              = 8388608                                   {product} {ergonomic}
    uintx NonNMethodCodeHeapSize                   = 5832780                                {pd product} {ergonomic}
    uintx NonProfiledCodeHeapSize                  = 122912730                              {pd product} {ergonomic}
    uintx ProfiledCodeHeapSize                     = 122912730                              {pd product} {ergonomic}
    uintx ReservedCodeCacheSize                    = 251658240                              {pd product} {ergonomic}
     bool SegmentedCodeCache                       = true                                      {product} {ergonomic}
     bool ShowCodeDetailsInExceptionMessages       = true                                   {manageable} {command line}
   size_t SoftMaxHeapSize                          = 1979711488                             {manageable} {ergonomic}
     bool UseCompressedClassPointers               = true                           {product lp64_product} {ergonomic}
     bool UseCompressedOops                        = true                           {product lp64_product} {ergonomic}
     bool UseG1GC                                  = true                                      {product} {ergonomic}
     bool UseLargePagesIndividualAllocation        = false                                  {pd product} {ergonomic}

Logging:
Log output configuration:
 #0: stdout all=warning uptime,level,tags
 #1: stderr all=off uptime,level,tags

Environment Variables:
JAVA_HOME=C:\Program Files\Java\jdk-18.0.2.1
PATH=C:/Users/hmmdn/.p2/pool/plugins/org.eclipse.justj.openjdk.hotspot.jre.full.win32.x86_64_17.0.6.v20230204-1729/jre/bin/server;C:/Users/hmmdn/.p2/pool/plugins/org.eclipse.justj.openjdk.hotspot.jre.full.win32.x86_64_17.0.6.v20230204-1729/jre/bin;C:\Program Files\Common Files\Oracle\Java\javapath;C:\Windows\system32;C:\Windows;C:\Windows\System32\Wbem;C:\Windows\System32\WindowsPowerShell\v1.0\;C:\Windows\System32\OpenSSH\;C:\Program Files\Java\jdk-18.0.2.1\bin;C:\MinGW\bin;C:\Program Files\nodejs\;%AppData%\npm;C:\Program Files\Git\cmd;C:\Users\hmmdn\AppData\Local\Microsoft\WindowsApps;;C:\Program Files\JetBrains\IntelliJ IDEA Community Edition 2022.2.1\bin;;C:\Users\hmmdn\AppData\Roaming\npm;C:\Users\hmmdn\AppData\Local\Programs\Microsoft VS Code\bin;C:\Windows\System32;
USERNAME=hmmdn
OS=Windows_NT
PROCESSOR_IDENTIFIER=AMD64 Family 23 Model 96 Stepping 1, AuthenticAMD
TMP=C:\Users\hmmdn\AppData\Local\Temp
TEMP=C:\Users\hmmdn\AppData\Local\Temp



---------------  S Y S T E M  ---------------

OS:
 Windows 11 , 64 bit Build 22000 (10.0.22000.2124)
OS uptime: 9 days 3:24 hours

CPU: total 6 (initial active 6) (6 cores per cpu, 1 threads per core) family 23 model 96 stepping 1 microcode 0x0, cx8, cmov, fxsr, mmx, 3dnowpref, sse, sse2, sse3, ssse3, sse4a, sse4.1, sse4.2, popcnt, lzcnt, tsc, tscinvbit, avx, avx2, aes, clmul, bmi1, bmi2, adx, sha, fma, vzeroupper, clflush, clflushopt

Memory: 4k page, system-wide physical 7550M (352M free)
TotalPageFile size 24688M (AvailPageFile size 0M)
current process WorkingSet (physical memory assigned to process): 225M, peak: 248M
current process commit charge ("private bytes"): 251M, peak: 274M

vm_info: OpenJDK 64-Bit Server VM (17.0.6+10) for windows-amd64 JRE (17.0.6+10), built on Jan 18 2023 10:08:59 by "temurin" with MS VC++ 16.7 (VS2019)

END.
